[    0.000000] Initializing cgroup subsys cpuset
[    0.000000] Initializing cgroup subsys cpu
[    0.000000] Initializing cgroup subsys cpuacct
[    0.000000] Linux version 4.4.0-170-generic (buildd@lcy01-amd64-019) (gcc version 5.4.0 20160609 (Ubuntu 5.4.0-6ubuntu1~16.04.12) ) #199-Ubuntu SMP Thu Nov 14 01:45:04 UTC 2019 (Ubuntu 4.4.0-170.199-generic 4.4.200)
[    0.000000] Command line: BOOT_IMAGE=/boot/vmlinuz-4.4.0-170-generic root=LABEL=cloudimg-rootfs ro console=tty1 console=ttyS0
[    0.000000] KERNEL supported cpus:
[    0.000000]   Intel GenuineIntel
[    0.000000]   AMD AuthenticAMD
[    0.000000]   Centaur CentaurHauls
[    0.000000] x86/fpu: xstate_offset[2]:  576, xstate_sizes[2]:  256
[    0.000000] x86/fpu: Supporting XSAVE feature 0x01: 'x87 floating point registers'
[    0.000000] x86/fpu: Supporting XSAVE feature 0x02: 'SSE registers'
[    0.000000] x86/fpu: Supporting XSAVE feature 0x04: 'AVX registers'
[    0.000000] x86/fpu: Enabled xstate features 0x7, context size is 832 bytes, using 'standard' format.
[    0.000000] e820: BIOS-provided physical RAM map:
[    0.000000] BIOS-e820: [mem 0x0000000000000000-0x000000000009fbff] usable
[    0.000000] BIOS-e820: [mem 0x000000000009fc00-0x000000000009ffff] reserved
[    0.000000] BIOS-e820: [mem 0x00000000000f0000-0x00000000000fffff] reserved
[    0.000000] BIOS-e820: [mem 0x0000000000100000-0x000000003ffeffff] usable
[    0.000000] BIOS-e820: [mem 0x000000003fff0000-0x000000003fffffff] ACPI data
[    0.000000] BIOS-e820: [mem 0x00000000fec00000-0x00000000fec00fff] reserved
[    0.000000] BIOS-e820: [mem 0x00000000fee00000-0x00000000fee00fff] reserved
[    0.000000] BIOS-e820: [mem 0x00000000fffc0000-0x00000000ffffffff] reserved
[    0.000000] NX (Execute Disable) protection: active
[    0.000000] SMBIOS 2.5 present.
[    0.000000] Hypervisor detected: KVM
[    0.000000] e820: last_pfn = 0x3fff0 x_arch_pfn = 0x400000000
[    0.000000] MTRR: Disabled
[    0.000000] x86/PAT: MTRRs disabled, skipping PAT initialization too.
[    0.000000] CPU MTRRs all blank - virtualized system.
[    0.000000] x86/PAT: Configuration [0-7]: WB  WT  UC- UC  WB  WT  UC- UC  
[    0.000000] found SMP  MP-table at [mem 0x0009fff0-0x0009ffff] mapped at [ffff88000009fff0]
[    0.000000] Scanning 1 areas for low memory corruption
[    0.000000] RAMDISK: [mem 0x362fa000-0x37174fff]
[    0.000000] AII: Early table checksum verification disabled
[    0.000000] ACPI: RSDP 0x00000000000E0000 000024 (v02 VBOX  )
[    0.000000] ACPI: XSDT 0x000000003FFF0030 00003C (v01 VBOX   VBOXXSDT 00000001 ASL  00000061)
[    0.000000] ACPI: FACP 0x000000003FFF00F0 0000F4 (v04 VBOX   VBOXFACP 00000001 ASL  00000061)
[    0.000000] ACPI: DSDT 0x000000003FFF0470 0021FF (v02 VBOX   VBOXBIOS 00000002 INTL 20100528)
[    0.000000] ACPI: FACS 0x000000003FFF0200 000040
[    0.000000] ACPI: FACS 0x000000003FFF0200 000040
[    0.000000] ACPI: APIC 0x000000003FFF0240 00005C (v02 VBOX   VBOXAPIC 00000001 ASL  00000061)
[    0.000000] ACPI: SSDT 0x000000003FFF02A0 0001CC (v01 VBOX   VBOXCPUT 00000002 INTL 20100528)
[    0.000000] No NUMA configuration found
[    0.000000] Faking a node at [mem 0x0000000000000000-0x000000003ffeffff]
[    0.000000] NODE_DATA(0) allocated [mem 0x3ffeb000-0x3ffeffff]
[    0.000000] kvm-clock: Using msrs 4b564d01 and 4b564d00
[    0.000000] kvm-clock: cpu 0, msr 0:3ffe3001, primary cpu clock
    0.000000] kvm-clock: using sched offst of 4677376406 cycles

[    0.000000] clocksource: kvm-clock: mask: 0xffffffffffffffff max_cycles: 0x1cd42e4dffb, max_idle_ns: 881590591483 ns
[    0.000000] Zone ranges:
[    0.000000]   DMA      [mem 0x0000000000001000-0x0000000000ffffff]
[    0.000000]   DMA32    [mem 0x0000000001000000-0x000000003ffeffff]
[    0.000000]   Normal   empty
[    0.000000]   Device   empty
[    0.000000] Movable zone start for each node
[    0.000000] Early memory node ranges
[    0.000000]   node   0: [mem 0x0000000000001000-0x000000000009efff]
[    0.000000]   node   0: [mem 0x0000000000100000-0x000000003ffeffff]
[    0.000000] Initmem setup node 0 [mem 0x0000000000001000-0x000000003ffeffff]
[    0.000000] ACPI: PM-Timer IO Port: 0x4008
[    0.000000] IOAPIC[0]: apic_id 2, version 32, address 0xfec00000, GSI 0-23
[    0.000000] ACPI: INT_SRC_OVR (bus 0 bus_irq 0 global_irq 2 dfl dfl)
[    0.000000] ACPI: INT_SRC_OVR (bus 0 bus_irq 9 global_irq 9 low level)
[    0.000000] Using ACPI (MADT) for SMP configuration information
[    0.000000] smpboot: Allowing 2 CPUs, 0 hotplug CPUs
[    0.000000] PM: Registered nosave memory: [mem 0x00000000-0x00000fff]
[    0.000000] PM: Registered nosave memory: [mem 0x0009f000-0x0009ffff]
[    0.000000] PM: Registered nosave memory: [mem 0x000a0000-0x000effff]
[    0.000000] PM: Registered nosave memory: [mem 0x000f0000-0x000fffff]
[    0.000000] e820: [mem 0x40000000-0xfebfffff] available for PCI devices
[    0.000000] Booting paravirtualized kernel on KVM
[    0.000000] clocksource: refined-jiffies: mask: 0xffffffff max_cycles: 0xffffffff, max_idle_ns: 7645519600211568 ns
[    0.000000] setup_percpu: NR_CPUS:512 nr_cpumask_bits:512 nr_cpu_ids:2 nr_node_ids:1
[    0.000000] PERCPU: Embedded 33 pages/cpu @ffff88003fc00000 s95448 r8192 d31528 u1048576
[    0.000000] Built 1 zonelists in Node order, mobility grouping on.  Total pages: 257912
[    0.000000] Policy zone: DMA32
[    0.000000] Kernel command line: BOOT_IMAGE=/boot/vmlinuz-4.4.0-170-generic root=LABEL=cloudimg-rootfs ro console=tty1 console=ttyS0
[    0.000000] PID hash table entries: 4096 (order: 3, 32768 bytes)
[    0.000000] Memory: 997728K/10481K available (8626K kernel code, 1336K rwdata, 4036K rodata, 1488K init, 1288K bss, 50392K reserved, 0K cma-reserved)
[    0.000000] SLUB: HWalign=64, Order=0-3, MinObjects=0, CPUs=2, Nodes=1
[    0.000000] Kernel/User page tables isolation: enabled
[    0.000000] Hierarchical RCU implementation.
[    0.000000] 	Build-time adjustment of leaf fanout to 64.
[    0.000000] 	RCU restricting CPUs from NR_CPUS=512 to nr_cpu_ids=2.
[    0.000000] RCU: Adjusting geometry for rcu_fanout_leaf=64, nr_cpu_ids=2
[    0.000000] NR_IRQS:33024 nr_irqs:440 16
[    0.000000] Console: colour VGA+ 80x25
[    0.000000] console [tty1] enabled
[    0.000000] console [ttyS0] enabled
[    0.000000] tsc: Detected 2712.000 MHz procssor
[    0.521243] Calibrating delay loop skipped) preset value.. 5424.00 BogoMIPS (lpj=10848000)
[    0.547305] pid_max: default: 32768 minimum: 301
[    0.549163] ACPI: Core revision 20150930
[    0.553809] ACPI: 2 ACPI AML tables successfully acquired and loaded
[    0.557234] Security Framework initialized
[    0.558761] Yama: becoming mindful.
[    0.560168] AppArmor: AppArmor initialized
[    0.562036] Dentry cache hash table entries: 131072 (order: 8, 1048576 bytes)
[    0.568974] Inode-cache hash table entries: 65536 (order: 7, 524288 bytes)
[    0.571747] Mount-cache hash table entries: 2048 (order: 2, 16384 bytes)
[    0.574287] Mountpoint-cache hash table entries: 2048 (order: 2, 16384 bytes)
[    0.576948] Initializing cgroup subsys io
[    0.578693] Initializing cgroup subsys memory
[    0.580371] Initializing cgroup subsys devices
[    0.582127] Initializing cgroup subsys freezer
[    0.583907] Initializing cgroup subsys net_cls
[    0.585853] Initializing cgroup subsys perf_event
[    0.587689] Initializing cgroup subsys net_prio
[    0.596471] Initializing cgroup subsys hugetlb
[    0.598364] Initializing cgroup subsys pids
[    0.609179] mce: CPU supports 0 MCE banks
[    0.610851] Last level iTLB entries: 4KB 64, 2MB 8, 4MB 8
[    0.612996] Last level dTLB entries: 4KB 64, 2MB 0, 4MB 0, 1GB 4
[    0.615360] Spectre V1 : Mitigation: usercopy/swapgs barriers and __user pointer sanitization
[    0.619664] Spectre V2 : Mitigation: Full generic retpoline
[    0.621660] Spectre V2 : Spectre v2 / SpectreRSB mitigation: Filling RSB on context switch
[    0.631590] Speculative Store Bypass: Vulnerable
[    0.633548] MDS: Vulnerable: Clear CPU buffers attempted, no microcode
[    0.639489] Freeing SMP alternatives memory: 36K
[    0.649275] ftrace: allocating 32302 entries in 127 pages
[    0.737345] smpboot: APIC(0) Converting physical 0 to logical package 0
[    0.740932] smpboot: Max logical packages: 1
[    0.742948] x2apic enabled
[    0.744490] Switched APIC routing to physical x2apic.
[    0.748235] ..TIMER: vector=0x30 apic1=0 pin1=2 apic2=-1 pin2=-1
[    0.858453] smpboot: CPU0: Intel(R) Core(TM) i5-7200U CPU @ 2.50GHz (family: 0x6, model: 0x8e, stepping: 0x9)
[    0.865743] Performance Events: unsupported p6 CPU model 142 no PMU driver, software events only.
[    0.886586] KVM setup paravirtual spinlock
[    0.890500] x86: Booting SMP configuration:
[    0.893550] .... node  #0, CPUs:      #1
[    0.896680] kvm-clock: cpu 1, msr 0:3ffe3041, secondary cpu clock
[    0.905552] mce: CPU supports 0 MCE banks
[    0.922258] x86: Booted up 1 node, 2 CPUs
[    0.924594] smpboot: Total of 2 processors activated (10848.00 BogoMIPS)
[    0.929502] devtmpfs: initialized
[    0.933240] evm: security.selinux
[    0.934547] evm: security.SMACK64
[    0.942712] evm: security.SMACK64EXEC
[    0.944034] evm: security.SMACK64TRANSMUTE
[    0.945477] evm: security.SMACK64MMAP
[    0.946857] evm: security.ima
[    0.948026] evm: security.capability
[    0.949594] clocksource: jiffies: mask: 0xffffffff max_cycles: 0xffffffff, max_idle_ns: 7645041785100000 ns
[    0.952870] futex hash table entries: 512 (order: 3, 32768 bytes)
[    0.955092] pinctrl core: initialized pinctrl subsystem
[    0.957094] RTC time:  9:35:25, date: 12/19/19
[    0.960740] NET: Registered protocol family 16
[    0.974793] cpuidle: using governor ladder
[    0.987451] cpuidle: using governor menu
[    0.988964] PCCT header not found.
[    0.995303] ACPI: bus type PCI registered
[    0.996726] acpiphp: ACPI Hot Plug PCI Controller Driver version: 0.5
[    1.005535] PCI: Using configuration type 1 for base access
[    1.020584] ACPI: Added _OSI(Module Device)
[    1.022148] ACPI: Added _OSI(Processor Device)
[    1.023863] ACPI: Added _OSI(3.0 _SCP Extensions)
[    1.027531] ACPI: Added _OSI(Processor Aggregator Device)
[    1.032679] ACPI: Executed 1 blocks of module-level executable AML code
[    1.038462] ACPI: Interpreter enabled
[    1.039840] ACPI: (supports S0 S5)
[    1.041108] ACPI: Using IOAPIC for interrupt routing
[    1.043081] PCI: Using host bridge windows from ACPI; if necessary, use "pci=nocrs" and report a bug
[    1.052252] ACPI: PCI Root Bridge [PCI0] (domain 0000 [bus 00-ff])
[    1.054332] acpi PNP0A03:00: _OSC: OS supports [ASPM ClockPM Segments MSI]
[    1.056595] acpi PNP0A03:00: _OSC: not requesting OS control; OS requires [ExtendedConfig ASPM ClockPM MSI]
[    1.059979] acpi PNP0A03:00: fail to add MMCONFIG information, can't access extended PCI configuration space under this bridge.
[    1.065775] PCI host bridge to bus 0000:00
[    1.067261] pci_bus 0000:00: root bus resource [io  0x0000-0x0cf7 window]
[    1.069323] pci_bus 0000:00: root bus resource [io  0x0d00-0xffff window]
[    1.071496] pci_bus 0000:00: root bus resource [mem 0x000a0000-0x000bffff window]
[    1.074318] pci_bus 0000:00: root bus resource [mem 0x40000000-0xfdffffff window]
[    1.076985] pci_bus 0000:00: root bus resource [bus 00-ff]
[    1.081724] pci 0000:00:01.1: legacy IDE quirk: reg 0x10: [io  0x01f0-0x01f7]
[    1.083965] pci 0000:00:01.1: legacy IDE quirk: reg 0x14: [io  0x03f6]
[    1.086052] pci 0000:00:01.1: legacy IDE quirk: reg 0x18: [io  0x0170-0x0177]
[    1.088301] pci 0000:00:01.1: legacy IDE quirk: reg 0x1c: [io  0x0376]
[    1.139307] pci 0000:00:07.0: quirk: [io  0x4000-0x403f] claimed by PIIX4 ACPI
[    1.144306] pci 0000:00:07.0: quirk: [io  0x4100-0x410f] claimed by PIIX4 SMB
[    1.169111] ACPI: PCI Interrupt Link [LNKA] (IRQs 5 9 10 *11)
[    1.172158] ACPI: PCI Interrupt Link [LNKB] (IRQs 5 9 *10 11)
[    1.178655] ACPI: PCI Interrupt Link [LNKC] (IRQs 5 *9 10 11)
[    1.181426] ACPI: PCI Interrupt Link [LNKD] (IRQs 5 9 10 *11)
[    1.184135] ACPI: Enabled 2 GPEs in block 00 to 07
[    1.186585] vgaarb: setting as boot device: PCI:0000:00:02.0
[    1.188459] vgaarb: device added: PCI:0000:00:02.0,decodes=io+mem,owns=io+mem,locks=none
[    1.191259] vgaarb: loaded
[    1.192401] vgaarb: bridge control possible 0000:00:02.0
[    1.194622] SCSI subsystem initialized
[    1.196163] ACPI: bus type USB registered
[    1.197638] usbcore: registered new interface driver usbfs
[    1.199503] usbcore: registered new interface driver hub
[    1.204298] usbcore: registered new device driver usb
[    1.206444] PCI: Using ACPI for IRQ routing
[    1.208413] NetLabel: Initializing
[    1.212974] NetLabel:  domain hash size = 128
[    1.214464] NetLabel:  protocols = UNLABELED CIPSOv4
[    1.220167] NetLabel:  unlabeled traffic allowed by default
[    1.223182] amd_nb: Cannot enumerate AMD northbridges
[    1.225029] clocksource: Switched to clocksource kvm-clock
[    1.242884] AppArmor: AppArmor Filesystem Enabled
[    1.244635] pnp: PnP ACPI init
[    1.247186] pnp: PnP ACPI: found 3 devices
[    1.261806] clocksource: acpi_pm: mask: 0xffffff max_cycles: 0xffffff, max_idle_ns: 2085701024 ns
[    1.264869] NET: Registered protocol family 2
[    1.266750] TCP established hash table entries: 8192 (order: 4, 65536 bytes)
[    1.268965] TCP bind hash table entries: 8192 (order: 5, 131072 bytes)
[    1.271069] TCP: Hash tablesconfigured (established 8192 bind 8192)
[    1.316095] UDP hash table entries: 512 (order: 2, 16384 bytes)
[    1.319962] UDP-Lite hash table entries: 512 (order: 2, 16384 bytes)
[    .323212] NET: Registered protocol family 1
[    1.356887] pci 0000:00:00.0: Limiting direct PCI/PCI transfers
[    1.360374] pci 0000:00:01.0: Activating ISA DMA hang workarounds
[    1.362596] Unpacking initramfs...

[    1.772877] Freeing initrd memory: 14828K
[    1.777471] clocksource: tsc: mask: 0xffffffffffffffff max_cycles: 0x2717868ea45, max_idle_ns: 440795316085 ns
[    1.780947] platform rtc_cmos: registered platform RTC device (no PNP device found)
[    1.783939] Scanning for low memory corruption every 60 seconds
[    1.788451] audit: initializing netlink subsys (disabled)
[    1.792279] audit: type=2000 audit(1576748132.315:1): initialized
[    1.796792] Initialise system trusted keyring
[    1.800149] HugeTLB registered 2 MB page size, pre-allocated 0 pages
[    1.811726] zbud: loaded
[    1.814450] VFS: Disk quotas dquot_6.6.0
[    1.816399] VFS: Dquot-cache hash table entries: 512 (order 0, 4096 bytes)
[    1.818916] squashfs: version 4.0 (2009/01/31) Phillip Lougher
[    1.821301] fuse init (API version 7.23)
[    1.823014] Key type big_key registered
[    1.824477] Allocating IMA MOK and blacklist keyrings.
[    1.828484] Key type asymmetric registered
[    1.836547] Asymmetric key parser 'x509' registered
[    1.838259] Block layer SCSI generic (bsg) driver version 0.4 loaded (major 249)
[    1.841097] io scheduler noop registered
[    1.842521] io scheduler deadline registered (default)
[    1.844315] io scheduler cfq registered
[    1.846518] pci_hotplug: PCI Hot Plug PCI Core version: 0.5
[    1.848324] pciehp: PCI Express Hot Plug Controller Driver version: 0.4
[    1.850648] ACPI: AC Adapter [AC] (on-line)
[    1.852237] input: Power Button as /devices/LNXSYSTM:00/LNXPWRBN:00/input/input0
[    1.861779] ACPI: Power Button [PWRF]
[    1.863354] input: Sleep Button as /devices/LNXSYSTM:00/LNXSLPBN:00/input/input1
[    1.866195] ACPI: Sleep Button [SLPF]
[    1.868933] ACPI: Battery Slot [BAT0] (battery present)
[    1.870728] GHES: HEST is not enabled!
[    1.872310] Serial: 8250/16550 driver, 32 ports, IRQ sharing enabled
[    1.908226] 00:02: ttyS0 at I/O 0x3f8 (irq = 4, base_baud = 115200) is a 16550A
[    1.920036] Linux agpgart interface v0.103
[    1.924027] loop: module loaded
[    1.926215] scsi host0: ata_piix
[    1.927715] scsi host1: ata_piix
[    1.928997] ata1: PATA max UDMA/33 cmd 0x1f0 ctl 0x3f6 bmdma 0xd000 irq 14
[    1.931160] ata2: PATA max UDMA/33 cmd 0x170 ctl 0x376 bmdma 0xd008 irq 15
[    1.933628] libphy: Fixed MDIO Bus: probed
[    1.935261] tun: Universal TUN/TAP device driver, 1.6
[    1.945803] tun: (C) 1999-2004 Max Krasnyansky <maxk@qualcomm.com>
[    1.956775] PPP generic driver version 2.4.2
[    1.959544] ehci_hcd: USB 2.0 'Enhanced' Host Controller (EHCI) Driver
[    1.962902] ehci-pci: EHCI PCI platform driver
[    1.965253] ehci-platform: EHCI generic platform driver
[    1.969508] ohci_hcd: USB 1.1 'Open' Host Controller (OHCI) Driver
[    1.973618] ohci-pci: OHCI PCI platform driver
[    1.977621] ohci-platform: OHCI generic platform driver
[    1.981537] uhci_hcd: USB Universal Host Controller Interface driver
[    1.985721] i8042: PNP: PS/2 Controller [PNP0303:PS2K,PNP0f03:PS2M] at 0x60,0x64 irq 1,12
[    1.992355] serio: i8042 KBD port at 0x60,0x64 irq 1
[    1.996207] serio: i8042 AUX port at 0x60,0x64 irq 12
[    1.999864] mousedev: PS/2 mouse device common for all mice
[    2.009508] input: AT Translated Set 2 keyboard as /devices/platform/i8042/serio0/input/input2
[    2.015872] rtc_cmos rtc_cmos: rtc core: registered rtc_cmos as rtc0
[    2.020204] rtc_cmos rtc_cmos: alarms up to one day, 114 bytes nvram
[    2.024633] i2c /dev entries driver
[    2.027265] device-mapper: uevent: version 1.0.3
[    2.029139] device-mapper: ioctl: 4.34.0-ioctl (2015-10-28) initialised: dm-devel@redhat.com
[    2.032202] ledtrig-cpu: registered to indicate activity on CPUs
[    2.035103] NET: Registered protocol family 10
[    2.039352] NET: Registered protocol family 17
[    2.041132] Key type dns_resolver registered
[    2.043700] registered taskstats version 1
[    2.045256] Loading compiled-in X.509 certificates
[    2.047833] Loaded X.509 cert 'Build time autogenerated kernel key: f0e56e97f406068ace47a9bf54316e9855aaaa43'
[    2.051308] zswap: loaded using pool lzo/zbud
[    2.055669] Key type trusted registered
[    2.061931] Key type encrypted registered
[    2.063410] AppArmor: AppArmor sha1 policy hashing enabled
[    2.065224] ima: No TPM chip found, activating TPM-bypass!
[    2.073859] ima: Allocated hash algorithm: sha1
[    2.077281] evm: HMAC attrs: 0x1
[    2.081073]   Magic number: 15:447:576
[    2.084083] rtc_cmos rtc_cmos: setting system clock to 2019-12-19 09:35:26 UTC (1576748126)
[    2.090690] BIOS EDD facility v0.16 2004-Jun-25, 0 devices found
[    2.092654] EDD information not available.
[    2.097480] Freeing unused kernel memory: 1488K
[    2.129393] Write protecting the kernel read-only data: 14336k
[    2.132077] Freeing unused kernel memory: 1604K
[    2.134094] Freeing unused kernel memory: 60K
Loading, please wait...
starting version 229
[    2.154966] random: systemd-udevd: uninitialized urandom read (16 bytes read, 5 bits of entropy available)
[    2.155646] random: udevadm: uninitialized urandom read (16 bytes read, 5 bits of entropy available)
[    2.155697] random: udevadm: uninitialized urandom read (16 bytes read, 5 bits of entropy available)
[    2.166258] random: systemd-udevd: uninitialized urandom read (16 bytes read, 5 bits of entropy available)
[    2.168149] random: udevadm: uninitialized urandom read (16 bytes read, 5 bits of entropy available)
[    2.168208] random: udevadm: uninitialized urandom read (16 bytes read, 5 bits of entropy available)
[    2.168452] random: udevadm: uninitialized urandom read (16 bytes read, 5 bits of entropy available)
[    2.168538] random: udevadm: uninitialized urandom read (16 bytes read, 5 bits of entropy available)
[    2.168615] random: udevadm: uninitialized urandom read (16 bytes read, 5 bits of entropy available)
[    2.168701] random: udevadm: uninitialized urandom read (16 bytes read, 5 bits of entropy available)
[    2.281944] Fusion MPT base driver 3.04.20
[    2.311858] Copyright (c) 1999-2008 LSI Corporation
[    2.368416] e1000: Intel(R) PRO/1000 Network Driver - version 7.3.21-k8-NAPI
[    2.385135] e1000: Copyright (c) 1999-2006 Intel Corporation.
[    2.422950] AVX2 version of gcm_enc/dec engaged.
[    2.424598] AES CTR mode by8 optimization enabled
[    2.431218] Fusion MPT SPI Host driver 3.04.20
[    2.649741] input: ImExPS/2 Generic Explorer Mouse as /devices/platform/i8042/serio1/input/input4
[    3.033662] e1000 0000:00:03.0 eth0: (PCI:33MHz:32-bit) 02:dd:45:a7:5d:a0
[    3.045421] e1000 0000:00:03.0 eth0: Intel(R) PRO/1000 Network Connection
[    3.048735] mptbase: ioc0: Initiating bringup
[    3.317530] ioc0: LSI53C1030 A0: Capabilities={Initiator}
[    3.792492] scsi host2: ioc0: LSI53C1030 A0, FwRev=00000000h, Ports=1, MaxQ=256, IRQ=20
[    4.316135] scsi 2:0:0:0: Direct-Access     VBOX     HARDDISK         1.0  PQ: 0 ANSI: 5
[    4.319411] scsi target2:0:0: Beginning Domain Validation
[    4.323423] scsi target2:0:0: Domain Validation skipping write tests
[    4.325405] scsi target2:0:0: Ending Domain Validation
[    4.327295] scsi target2:0:0: asynchronous
[    4.329491] scsi 2:0:1:0: Direct-Access     VBOX     HARDDISK         1.0  PQ: 0 ANSI: 5
[    4.332282] scsi target2:0:1: Beginning Domain Validation
[    4.338575] scsi target2:0:1: Domain Validation skipping write tests
[    4.340876] scsi target2:0:1: Ending Domain Validation
[    4.342769] scsi target2:0:1: asynchronous
[    4.359217] sd 2:0:0:0: Attached scsi generic sg0 type 0
[    4.365063] sd 2:0:0:0: [sda] 20971520 512-byte logical blocks: (10.7 GB/10.0 GiB)
[    4.371405] sd 2:0:0:0: [sda] Write Protect is off
[    4.378430] sd 2:0:0:0: [sda] Incomplete mode parameter data
[    4.378432] sd 2:0:0:0: [sda] Assuming drive cache: write through
[    4.547794]  sda: sda1
[    4.572492] sd 2:0:0:0: [sda] Attached SCSI disk
[    4.657798] sd 2:0:1:0: Attached scsi generic sg1 type 0
[    4.693748] sd 2:0:1:0: [sdb] 20480 512-byte logical blocks: (10.5 MB/10.0 MiB)
[    4.739811] sd 2:0:1:0: [sdb] Write Protect is off
[    4.763498] sd 2:0:1:0: [sdb] Incomplete mode parameter data
[    4.817437] sd 2:0:1:0: [sdb] Assuming drive cache: write through
[    4.853310] sd 2:0:1:0: [sdb] Attached SCSI disk
[    4.894481] e1000 0000:00:08.0 eth1: (PCI:33MHz:32-bit) 08:00:27:26:6a:96
[    4.897022] e1000 0000:00:08.0 eth1: Intel(R) PRO/1000 Network Connection
[    4.900563] e1000 0000:00:03.0 enp0s3: renamed from eth0
[    4.929776] e1000 0000:00:08.0 enp0s8: renamed from eth1
Begin: Loading e[    6.609320] md: linear personality registered for level -1
ssential drivers ... [    6.648591] md: multipath personality registered for level -4
[    6.660088] md: raid0 personality registered for level 0
[    6.672500] md: raid1 personality registered for level 1
[    6.753311] raid6: sse2x1   gen()  5784 MB/s
[    6.821566] raid6: sse2x1   xor()  4238 MB/s
[    6.893120] raid6: sse2x2   gen()  7402 MB/s
[    6.961185] raid6: sse2x2   xor()  5248 MB/s
[    7.029494] raid6: sse2x4   gen()  8086 MB/s
[    7.097268] raid6: sse2x4   xor()  5241 MB/s
[    7.165133] raid6: avx2x1   gen() 12163 MB/s
[    7.233432] raid6: avx2x2   gen() 13956 MB/s
[    7.309573] raid6: avx2x4   gen() 15926 MB/s
[    7.312516] raid6: using algorithm avx2x4 gen() 15926 MB/s
[    7.316631] raid6: using avx2x2 recovery algorithm
[    7.322007] xor: automatically using best checksumming function:
[    7.369544]    avx       : 16552.000 MB/sec
[    7.385860] async_tx: api initialized (async)
[    7.418495] md: raid6 personality registered for level 6
[    7.420387] md: raid5 personality registered for level 5
[    7.422342] md: raid4 personality registered for level 4
[    7.435199] md: raid10 personality registered for level 10
done.
Begin: Running /scripts/init-premount ... done.
Begin: Mounting root file[    7.494975] Btrfs loaded
 system ... Begin: Running /scripts/local-top ... done.
Begin: Running /scripts/local-premount ... Scanning for Btrfs filesystems
done.
Warning: fsck not present, so skipping root file system
[    7.566217] EXT4-fs (sda1): mounted filesystem with ordered data mode. Opts: (null)
done.
Begin: Running /scripts/local-bottom ... done.
Begin: Running /scripts/init-bottom ... done.
[    7.718426] systemd[1]: systemd 229 running in system mode. (+PAM +AUDIT +SELINUX +IMA +APPARMOR +SMACK +SYSVINIT +UTMP +LIBCRYPTSETUP +GCRYPT +GNUTLS +ACL +XZ -LZ4 +SECCOMP +BLKID +ELFUTILS +KMOD -IDN)
[    7.731338] systemd[1]: Detected virtualization oracle.
[    7.733213] systemd[1]: Detected architecture x86-64.

Welcome to [1mUbuntu 16.04.6 LTS[0m!

[    7.795400] systemd[1]: Set hostname to <ubuntu>.
[    7.800421] systemd[1]: Initializing machine ID from random generator.
[    7.802684] systemd[1]: Installed transient /etc/machine-id file.
[    8.363278] systemd[1]: Reached target User and Group Name Lookups.
[[0;32m  OK  [0m] Reached target User and Group Name Lookups.
[    8.368765] systemd[1]: Listening on Journal Socket (/dev/lg).
[[0;32m  OK  [0m] Listening on Journal Socket (/dev/log).
[    8.433742] systemd[1]: Listening on Journal Socket.
[[0;32m  OK  [0m] Listening on Journal Socket.
[    8.448283] systemd[1]: Set up automount Arbitrary Executable File Formats File System Automount Point.
[[0;32m  OK  [0m] Set up automount Arbitrary Executab...ats File System Automount Point.
[    8.455515] systemd[1]: Created slice User and Session Slice.
[[0;32m  OK  [0m] Created slice User and Session Slice.
[    8.460181] systemd[1]: Started Trigger resolvconf update for networkd DNS.
[[0;32m  OK  [0m] Started Trigger resolvconf update for networkd DNS.
[    8.776517] systemd[1]: Listening on Syslog Socket.
[[0;32m  OK  [0m] Listening on Syslog Socket.
[    8.787392] systemd[1]: Listening on LVM2 poll daemon socket.
[[0;32m  OK  [0m] Listening on LVM2 poll daemon socket.
[    8.791662] systemd[1]: Listening on LVM2 metadata daemon socket.
[[0;32m  OK  [0m] Listening on LVM2 metadata daemon socket.
[    8.796517] systemd[1]: Created slice System Slice.
[[0;32m  OK  [0m] Created slice System Slice.
[    8.813340] systemd[1]: Starting Create list of required static device nodes for the current kernel...
         Starting Create list of required st... nodes for the current kernel...
[    8.837334] systemd[1]: Starting Uncomplicated firewall...
         Starting Uncomplicated firewall...
[    8.843546] systemd[1]: Mounting Huge Pages File System...
         Mounting Huge Pages File System...
[    8.865010] systemd[1]: Reached target Slices.
[[0;32m  OK  [0m] Reached target Slices.
[    8.875927] systemd[1]: Created slice system-serial\x2dgetty.slice.
[[0;32m  OK  [0m] Created slice system-serial\x2dgetty.slice.
[    8.901959] systemd[1]: Mounting POSIX Message Queue File System...
         Mounting POSIX Message Queue File System...
[    8.914315] systemd[1]: Starting Nameserver information manager...
         Starting Nameserver information manager...
[    8.920578] random: nonblocking pool is initialized
[    8.929033] systemd[1]: Reached target System Time Synchronized.
[[0;32m  OK  [0m] Reached target System Time Synchronized.
[    8.985911] systemd[1]: Mounting Debug File System...
         Mounting Debug File System...
[    9.002931] systemd[1]: Starting Remount Root and Kernel File Systems...
         Starting Remount Root and Kernel File Systems...
[    9.013608] systemd[1]: Started Forward Password Requests to Wall Directory Watch.
[    9.016482] EXT4-fs (sda1): re-mounted. Opts: (null)
[[0;32m  OK  [0m] Started Forward Password Requests to Wall Directory Watch.
[    9.052579] systemd[1]: Reached target Swap.
[[0;32m  OK  [0m] Reached target Swap.
[    9.056386] systemd[1]: Reached target Encrypted Volumes.
[[0;32m  OK  [0m] Reached target Encrypted Volumes.
[    9.067491] systemd[1]: Listening on udev Control Socket.
[[0;32m  OK  [0m] Listening on udev Control Socket.
[    9.085572] systemd[1]: Starting Load Kernel Modules...
         Starting Load Ke[    9.098420] Loading iSCSI transport class v2.0-870.
rnel Modules...
[    9.129040] systemd[1]: Listening on Device-mapper event daemon FIFOs.
[[0;32m  OK  [0m] Listening on Device-mapper event daemon FIFOs.
[    9.136718] systemd[1]: Starting Monitoring of LVM2 mirrors, snapshots etc. using dmeventd or progress polling...
[    9.156967] iscsi: registered transport (tcp)
         Starting Monitoring of LVM2 mirrors... dmeventd or progress polling...
[    9.167677] systemd[1]: Listening on Journal Audit Socket.
[[0;32m  OK  [0m] Listening on Journal Audit Socket.
[    9.205608] systemd[1]: Starting Journal Service...
         Starting Journal Service...[    9.209926] iscsi: registered transport (iser)

[    9.218442] systemd[1]: Listening on udev Kernel Socket.
[[0;32m  OK  [0m] Listening on udev Kernel Socket.
[    9.225136] systemd[1]: Listening on /dev/initctl Compatibility Named Pipe.
[[0;32m  OK  [0m] Listening on /dev/initctl Compatibility Named Pipe.
[    9.231939] systemd[1]: Starting Set console keymap...
         Starting Set console keymap...
[    9.247180] systemd[1]: Mounted POSIX Message Queue File System.
[[0;32m  OK  [0m] Mounted POSIX Message Queue File System.
[    9.253312] systemd[1]: Mounted Debug File System.
[[0;32m  OK  [0m] Mounted Debug File System.
[    9.264254] systemd[1]: Mounted Huge Pages File System.
[[0;32m  OK  [0m] Mounted Huge Pages File System.
[    9.269139] systemd[1]: Started Create list of required static device nodes for the current kernel.
[[0;32m  OK  [0m] Started Create list of required sta...ce nodes for the current kernel.
[    9.276381] systemd[1]: Started Uncomplicated firewall.
[[0;32m  OK  [0m] Started Uncomplicated firewall.
[    9.298525] systemd[1]: Started Remount Root and Kernel File Systems.
[[0;32m  OK  [0m] Started Remount Root and Kernel File Systems.
[    9.337559] systemd[1]: Started Load Kernel Modules.
[[0;32m  OK  [0m] Started Load Kernel Modules.
[    9.409549] systemd[1]: Started Nameserver information manager.
[[0;32m  OK  [0m] Started Nameserver information manager.
[    9.414411] systemd[1]: Started Set console keymap.
[[0;32m  OK  [0m] Started Set console keymap.
[    9.425649] systemd[1]: Started Journal Service.
[[0;32m  OK  [0m] Started Journal Service.
[[0;32m  OK  [0m] Started LVM2 metadata daemon.
         Starting Apply Kernel Variables...
         Mounting FUSE Control File System...
         Starting udev Coldplug all Devices...
         Starting Flush Journal to Persistent Storage...
         Starting Load/Save Random Seed...
         Starting Create Static Device Nodes in /dev...
[[0;32m  OK  [0m] Mounted FUSE Control File System.
[[0;32m  OK  [0m] Started Apply Kernel Variables.
[[0;32m  OK  [0m] Started Load/Save Random Seed.
[[0;32m  OK  [0m] Started Create Static Device Nodes in /dev.
         Starting udev Kernel Device Manager...
[[0;32m  OK  [0m] Started udev Coldplug all Devices.
[[0;32m  OK  [0m] Started Flush Journal to Persistent Storage.
[[0;32m  OK  [0m] Started udev Kernel Device Manager.
[[0;32m  OK  [0m] Started Dispatch Password Requests to Console Directory Watch.
[[0;32m  OK  [0m] Started Monitoring of LVM2 mirrors,...ng dmeventd or progress polling.
[[0;32m  OK  [0m] Reached target Local File Systems (Pre).
[[0;32m  OK  [0m] Reached target Local File Systems.
         Starting Create Volatile Files and Directories...
         Starting LSB: AppArmor initialization...
         Starting Initial cloud-init job (pre-networking)...
         Starting Set console font and keymap...
         Starting Commit a transient machine-id on disk...
         Starting Tell Plymouth To Write Out Runtime Data...
[[0;32m  OK  [0m] Started Create Volatile Files and Directories.
         Starting Update UTMP about System Boot/Shutdown...
[[0;32m  OK  [0m] Started Commit a transient machine-id on disk.
[[0;32m  OK  [0m] Started Tell Plymouth To Write Out Runtime Data.
[[0;32m  OK  [0m] Started Update UTMP about System Boot/Shutdown.
[[0;32m  OK  [0m] Found device /dev/ttyS0.
[[0;32m  OK  [0m] Listening on Load/Save RF Kill Switch Status /dev/rfkill Watch.
[   12.426019] cloud-init[478]: Cloud-init v. 19.2-36-g059d049c-0ubuntu2~16.04.1 running 'init-local' at Thu, 19 Dec 2019 09:35:36 +0000. Up 11.36 seconds.
[[0;32m  OK  [0m] Started Initial cloud-init job (pre-networking).
[[0;32m  OK  [0m] Reached target Network (Pre).
[[0;32m  OK  [0m] Started LSB: AppArmor initialization.
         Starting Raise network interfaces...
[[0;32m  OK  [0m] Started Set console font and keymap.
[[0;32m  OK  [0m] Created slice system-getty.slice.
[[0;32m  OK  [0m] Started Raise network interfaces.
[[0;32m  OK  [0m] Reached target Network.
         Starting Initial cloud-init job (metadata service crawler)...
[   15.312374] cloud-init[963]: Cloud-init v. 19.2-36-g059d049c-0ubuntu2~16.04.1 running 'init' at Thu, 19 Dec 2019 09:35:39 +0000. Up 14.18 seconds.
[   15.337490] cloud-init[963]: ci-info: ++++++++++++++++++++++++++++++++++++++Net device info+++++++++++++++++++++++++++++++++++++++
[   15.393330] cloud-init[963]: ci-info: +--------+-------+----------------------------+---------------+--------+-------------------+
[   15.425811] cloud-init[963]: ci-info: | Device |   Up  |          Address           |      Mask     | Scope  |     Hw-Address    |
[[0;32m  OK  [0m] Started Initial cloud-init job (metadata service crawler).
[   15.513986] [[0;32m  OK  [0m] Reached target Cloud-config availability.
cloud-init[963]: ci-info: +--------+-------+----------------------------+---------------+--------+-------------------+
[   15.551330] [[0;32m  OK  [0m] Reached target Network is Online.
cloud-init[963]: ci-info: | enp0s3 |  True |         10.0.2.15          | 255.255.255.0 | global | 02:dd:45:a7:5d:a0 |
[   15.563053] cloud-init         Starting iSCSI initiator daemon (iscsid)...
[[0;32m  OK  [0m] Reached target System Initialization.
[[0;32m  OK  [0m] Started Message of the Day.
[[0;32m  OK  [0m] Listening on UUID daemon activation socket.
[963]: ci-info: | enp0s3 |  True | fe80::dd:45ff:fea7:5da0/64 |       .       |  link  | 02:dd:45:a7:5d:a0 |
         [   15.602167] cloud-init[963]: ci-info: | enp0s8 | False |             .              |       .       |   .    | 08:00:27:26:6a:96 |
[   15.602993] cloud-init[963]: ci-info: |   lo   |  True |         127.0.0.1          |   255.0.0.0   |  host  |         .         |
[   15.603229] cloud-init[963]: ci-info: |   lo   |  True |          ::1/128           |       .       |  host  |         .         |
[   15.603467] cloud-init[963]: ci-info: +--------+-------+----------------------------+---------------+--------+-------------------+
[   15.603967] cloud-init[963]: ci-info: +++++++++++++++++++++++++++Route IPv4 info++++++++++++++++++++++++++++
[   15.604509] cloud-init[963]: ci-info: +-------+-------------+----------+---------------+-----------+-------+
Starting LXD - unix socket.
[   15.604723] cloud-init[963]: ci-info: | Route | Destination | Gateway  |    Genmask    | Interface | Flags |
[   15.641307] cloud-init[963]: ci-info: +-------+-------------+----------+---------------+-----------+-------+
[   15.641499] cloud-init[963]: ci-info: |   0   |   0.0.0.0   | 10.0.2.2 |    0.0.0.0    |   enp0s3  |   UG  |
[   15.641733] cloud-init[963]: ci-info: |   1   |   10.0.2.0  | 0.0.0.0  | 255.255.255.0 |   enp0s3  |   U   |
[   15.641937] cloud-init[963]: ci-info: +-------+-------------+----------+---------------+-----------+-------+
[   15.642144] cloud-init[963]: ci-info: +++++++++++++++++++Route IPv6 info+++++++++++++++++++
[   15.642358] cloud-init[963]: ci-info: +-------+-------------+---------+-----------+-------+
[   15.642853] cloud-init[963]: ci-info: | Route | Destination | Gateway | Interface | Flags |
[   15.643098] cloud-init[963]: ci-info: +-------+-------------+---------+-----------+-------+
[   15.643374] cloud-init[963]: ci-info: |   0   |  fe80::/64  |    ::   |   enp0s3  |   U   |
[   15.643901] cloud-init[963]: ci-info: |   3   |   ff00::/8  |    ::   |   enp0s3  |   U   |
[   15.644373] cloud-init[963]: ci-info: +-------+-------------+---------+-----------+-------+
[   15.644621] cloud-init[963]: Generating public/private rsa key pair.
[   15.644856] cloud-init[963]: Your identification has been saved in /etc/ssh/ssh_host_rsa_key.
[   15.645097] cloud-init[963]: Your public key has been saved in /etc/ssh/ssh_host_rsa_key.pub.
[   15.645333] cloud-init[963]: The key fingerprint is:
[   15.645616] cloud-init[963]: SHA256:OnNlxFtBuQOUJyjeM9HWeQgdWC1b+wP8e2WeAAyjLXY root@ubuntu-xenial
[   15.645861] cloud-init[963]: The key's randomart image is:
[   15.646094] cloud-init[963]: +---[RSA 2048]----+
[   15.646337] cloud-init[963]: |         +oO=*   |
[   15.646873] cloud-init[963]: |      . o+B O.+  |
[   15.647117] cloud-init[963]: |     . ooo*+o* . |
[   15.647357] cloud-init[963]: |      .++E =+o.  |
[   15.647663] cloud-init[963]: |      . So+ ..o. |
[   15.647893] cloud-init[963]: |       . o   . o+|
[   15.648355] cloud-init[963]: |      + .     .o=|
[[0;32m  OK  [0m] Started Daily apt download activities.
[   15.648863] cloud-init[963]: |       +       oo|
[   15.727112] cloud-init[963]: |                .|
[   15.727333] cloud-init[963]: +----[SHA256]-----+
[   15.727664] cloud-init[963]: Generating public/private dsa key pair.
[   15.727890] cloud-init[963]: Your identification has been saved in /etc/ssh/ssh_host_dsa_key.
[   15.728375] cloud-init[963]: Your public key has been saved in /etc/ssh/ssh_host_dsa_key.pub.
[   15.728612] cloud-init[963]: The key fingerprint is:
[   15.728836] cloud-init[963]: SHA256:c+yEroc1/BqgJG0WJtzg2uINe7lfbYLAKek+LvhTn24 root@ubuntu-xenial
[   15.729064] cloud-init[963]: The key's randomart image is:
[   15.729298] cloud-init[963]: +---[DSA 1024]----+
[[0;32m  OK  [0m] Listening on D-Bus System Message Bus Socket.
[   15.729621] cloud-init[963]: |  .              |
[   15.751371] cloud-init[963]: | o o             |
[   15.751600] cloud-init[963]: |  + +            |
[   15.751805] cloud-init[963]: | oo+..   o       |
[   15.753180] cloud-init[963]: |o+o+= ..S +      |
[   15.753357] cloud-init[963]: |o.==+..o==       |
[   15.753568] cloud-init[963]: |.+ =.o *o=.      |
[   15.753809] cloud-init[963]: |+.o . E.+..      |
[   15.754066] cloud-init[963]: |o+oo.+o...       |
[   15.754333] cloud-init[963]: +----[SHA256]-----+
[   15.754564] cloud-init[963]: Generating public/private ecdsa key pair.
[   15.754854] cloud-init[963]: Your identification has been saved in /etc/ssh/ssh_host_ecdsa_key.
[[   15.755048] [0;32m  OK  [0mcloud-init] [963]: Listening on ACPID Listen Socket.Your public key has been saved in /etc/ssh/ssh_host_ecdsa_key.pub.

[   15.755126] cloud-init[963]: The key fingerprint is:
[   15.852742] cloud-init[963]: SHA256:jkaI/7Y/JE1TSnhxutpXgwd7pz8CpBB0Wbn9UgCl2rs root@ubuntu-xenial
[   15.853246] cloud-init[963]: The key's randomart image is:
[   15.853520] cloud-init[963]: +---[ECDSA 256]---+
[   15.853721] cloud-init[963]: |     ...o+++.    |
[   15.853933] cloud-init[963]: |      o.+oo..    |
[   15.854158] cloud-init[963]: |       +.ooo .   |
[   15.854579] cloud-init[963]: |   . .. ++o+. .  |
[   15.854789] cloud-init[963]: |  . . .+S++ =o.  |
[   15.855002] cloud-init[963]: |   . ..=+ .=.+.  |
[   15.855222] cloud-init[963]: |    . +oo o...   |
[[0;32m  OK  [0m] Started ACPI Events Check.
[   15.855890] cloud-init[963]: |     o. .. ....  |
[   15.877122] cloud-init[963]: |     .oo..E  ... |
[   15.877338] cloud-init[963]: +----[SHA256]-----+
[   15.877613] cloud-init[963]: Generating public/private ed25519 key pair.
[   15.877875] cloud-init[963]: Your identification has been saved in /etc/ssh/ssh_host_ed25519_key.
[   15.878094] cloud-init[963]: Your public key has been saved in /etc/ssh/ssh_host_ed25519_key.pub.
[   15.878324] cloud-init[963]: The key fingerprint is:
[   15.878562] cloud-init[963]: SHA256:YHw4/9dvka2RnWdpqwzlbGYoliAShgy8qmiaXO+w5o4 root@ubuntu-xenial
[[0;32m  OK  [0m] Reached target Paths.
[   15.878997] cloud-init[963]: The key's randomart image is:
[   15.926647] cloud-init[963]: +--[ED25519 256]--+
[   15.926981] cloud-init[963]: |o                |
[   15.927180] cloud-init[963]: |o..  . .         |
[   15.927773] cloud-init[963]: | o.o  * .        |
[   15.927905] cloud-init[963]: | .. .. =         |
[   15.928344] cloud-init[963]: |.  . . .S    . o=|
[   15.928585] cloud-init[963]: |.   . . ... =.o*=|
[   15.928814] cloud-init[963]: |o  o     +.o.*o++|
[   15.929018] cloud-init[963]: |+oo.+   . ..* .o.|
[   15.929231] cloud-init[963]: |=E++.o       o...|
[   15.929443] cloud-init[963]: +----[SHA256]-----+
[[0;32m  OK  [0m] Started Daily Cleanup of Temporary Directories.
[[0;32m  OK  [0m] Started Daily apt upgrade and clean activities.
[[0;32m  OK  [0m] Reached target Timers.
         Starting Socket activation for snappy daemon.
[[0;32m  OK  [0m] Listening on LXD - unix socket.
[[0;32m  OK  [0m] Listening on Socket activation for snappy daemon.
[[0;32m  OK  [0m] Reached target Sockets.
[[0;32m  OK  [0m] Reached target Basic System.
[[0;32m  OK  [0m] Started D-Bus System Message Bus.
         Starting LSB: MD monitoring daemon...
         Starting Pollinate to seed the pseudo random number generator...
         Starting System Logging Service...
         Starting /etc/rc.local Compatibility...
[[0;32m  OK  [0m] Started Regular background program processing daemon.
[[0;32m  OK  [0m] Started ACPI event daemon.
         Starting Virtualbox guest utils...
         Starting Login Service...
[[0;32m  OK  [0m] Started FUSE filesystem for LXC.
[[0;32m  OK  [0m] Started Deferred execution scheduler.
         Starting Accounts Service...
         Starting LSB: Record successful boot for GRUB...
         Starting Snappy daemon...
         Starting LXD - container startup/shutdown...
[[0;32m  OK  [0m] Started System Logging Service.
[[0;32m  OK  [0m] Started iSCSI initiator daemon (iscsid).
[[0;32m  OK  [0m] Started /etc/rc.local Compatibility.
[[0;32m  OK  [0m] Started Login Service.
[[0;32m  OK  [0m] Started Unattended Upgrades Shutdown.
         Starting Authenticate and Authorize Users to Run Privileged Tasks...
         Starting Login to default iSCSI targets...
[[0;32m  OK  [0m] Started LSB: Record successful boot for GRUB.
[[0;32m  OK  [0m] Started LSB: MD monitoring daemon.
[[0;32m  OK  [0m] Started Authenticate and Authorize Users to Run Privileged Tasks.
[[0;32m  OK  [0m] Started Accounts Service.
[[0;32m  OK  [0m] Started Pollinate to seed the pseudo random number generator.
[[0;32m  OK  [0m] Started Login to default iSCSI targets.
[[0;32m  OK  [0m] Started Virtualbox guest utils.
[[0;32m  OK  [0m] Started LXD - container startup/shutdown.
[[0;32m  OK  [0m] Reached target Remote File Systems (Pre).
[[0;32m  OK  [0m] Reached target Remote File Systems.
         Starting LSB: automatic crash report generation...
         Starting Permit User Sessions...
         Starting LSB: daemon to balance interrupts for SMP systems...
         Starting LSB: Set the CPU Frequency Scaling governor to "ondemand"...
         Starting OpenBSD Secure Shell server...
[[0;32m  OK  [0m] Started Permit User Sessions.
[[0;32m  OK  [0m] Started Snappy daemon.
[[0;32m  OK  [0m] Started OpenBSD Secure Shell server.
         Starting Wait until snapd is fully seeded...
         Starting Hold until boot process finishes up...
         Starting Terminate Plymouth Boot Screen...
[[0;32m  OK  [0m] Started LSB: automatic crash report generation.
[[0;32m  OK  [0m] Started LSB: daemon to balance interrupts for SMP systems.
[[0;32m  OK  [0m] Started LSB: Set the CPU Frequency Scaling governor to "ondemand".
[[0;32m  OK  [0m] Started Hold until boot process finishes up.
[[0;32m  OK  [0m] Started Terminate Plymouth Boot Screen.
[[0;32m  OK  [0m] Started Serial Getty on ttyS0.
[[0;32m  OK  [0m] Started Getty on tty1.
[[0;32m  OK  [0m] Reached target Login Prompts.
         Starting Set console scheme...
[[0;32m  OK  [0m] Started Set console scheme.
[[0;32m  OK  [0m] Started Wait until snapd is fully seeded.
[[0;32m  OK  [0m] Reached target Multi-User System.
[[0;32m  OK  [0m] Reached target Graphical Interface.
         Starting Update UTMP about System Runlevel Changes...
         Starting Apply the settings specified in cloud-config...
[[0;32m  OK  [0m] Started Update UTMP about System Runlevel Changes.
[[0;32m  OK  [0m] Created slice User Slice of vagrant.
[[0;32m  OK  [0m] Started Session 1 of user vagrant.
         Starting User Manager for UID 1000...
[[0;32m  OK  [0m] Started User Manager for UID 1000.
[   19.250521] cloud-init[1323]: Generating locales (this might take a while)...
[   21.147852] cloud-init[1323]:   en_US.UTF-8... done
[   21.153417] cloud-init[1323]: Generation complete.
[   21.722890] cloud-init[1323]: Cloud-init v. 19.2-36-g059d049c-0ubuntu2~16.04.1 running 'modules:config' at Thu, 19 Dec 2019 09:35:43 +0000. Up 18.93 seconds.
[[0;32m  OK  [0m] Started Apply the settings specified in cloud-config.
         Starting Execute cloud user/final scripts...
ci-info: no authorized ssh keys fingerprints found for user ubuntu.
<14>Dec 19 09:35:47 ec2: 
<14>Dec 19 09:35:47 ec2: #############################################################
<14>Dec 19 09:35:47 ec2: -----BEGIN SSH HOST KEY FINGERPRINTS-----
<14>Dec 19 09:35:47 ec2: 1024 SHA256:c+yEroc1/BqgJG0WJtzg2uINe7lfbYLAKek+LvhTn24 root@ubuntu-xenial (DSA)
<14>Dec 19 09:35:47 ec2: 256 SHA256:jkaI/7Y/JE1TSnhxutpXgwd7pz8CpBB0Wbn9UgCl2rs root@ubuntu-xenial (ECDSA)
<14>Dec 19 09:35:47 ec2: 256 SHA256:YHw4/9dvka2RnWdpqwzlbGYoliAShgy8qmiaXO+w5o4 root@ubuntu-xenial (ED25519)
<14>Dec 19 09:35:47 ec2: 2048 SHA256:OnNlxFtBuQOUJyjeM9HWeQgdWC1b+wP8e2WeAAyjLXY root@ubuntu-xenial (RSA)
<14>Dec 19 09:35:47 ec2: -----END SSH HOST KEY FINGERPRINTS-----
<14>Dec 19 09:35:47 ec2: #############################################################
-----BEGIN SSH HOST KEY KEYS-----
ecdsa-sha2-nistp256 AAAAE2VjZHNhLXNoYTItbmlzdHAyNTYAAAAIbmlzdHAyNTYAAABBBJXiCzmx1U80m8zGvY7EB4QZLHhXxOSSIoLQnO7Ml81Wm4Tn8PUuiuJSR7zXoVKjOC36mXvbIaE+dz5WuA1ljSs= root@ubuntu-xenial
ssh-ed25519 AAAAC3NzaC1lZDI1NTE5AAAAIPB3V5Bzh6YcAx75eai0f1B7pb0ovCeAwoMlhSSrh5na root@ubuntu-xenial
ssh-rsa AAAAB3NzaC1yc2EAAAADAQABAAABAQDAht1blTXKtDeqUbwBEbzJNbUyg9tlYRwHAymkXs40v6hKinWjo6CyJrbJQEtjdOY45ZJbcidxeJTuPTbwbZumcRezZTP791AmPj9UdyvZyqCiVlja59/5wq2AJPp7PU3e98o+NSMuUUuQpCwUxGRW7B7mWIJOddRJpNi2AlqvfFigygFAKes119y4cy8awjZisdEJ3sne4oVx1gIGy2+w8Kz8i11RD4U07RRi6RGjFbT6ciNvtup03mLP89sC9SHS5IA+9k2bWkyZD+J+OekRr1c0p1NkHjG/hAQkhYp05csCQl/azjl7l9SdU2qgVIZdyLiLS6dVd+RsfwrNPszv root@ubuntu-xenial
-----END SSH HOST KEY KEYS-----
[   22.941158] cloud-init[1442]: Cloud-init v. 19.2-36-g059d049c-0ubuntu2~16.04.1 running 'modules:final' at Thu, 19 Dec 2019 09:35:47 +0000. Up 22.58 seconds.
[   22.941447] cloud-init[1442]: ci-info: no authorized ssh keys fingerprints found for user ubuntu.
[   22.941615] cloud-init[1442]: Cloud-init v. 19.2-36-g059d049c-0ubuntu2~16.04.1 finished at Thu, 19 Dec 2019 09:35:47 +0000. Datasource DataSourceNoCloud [seed=/dev/sdb][dsmode=net].  Up 22.92 seconds

Ubuntu 16.04.6 LTS ubuntu-xenial ttyS0

ubuntu-xenial login: 